Photo ID - 759556650839442
{"error":{"message":"An access token is required to request this resource.","type":"OAuthException","code":104,"fbtrace_id":"AWkk0pUTKAw"}}
Photo ID - 10207518345666921
{"error":{"message":"An access token is required to request this resource.","type":"OAuthException","code":104,"fbtrace_id":"G9Qrhd1v8Au"}}
Photo ID - 753103488151425
{"error":{"message":"An access token is required to request this resource.","type":"OAuthException","code":104,"fbtrace_id":"C3+\/7skLplL"}}
Photo ID - 752665738195200
{"error":{"message":"An access token is required to request this resource.","type":"OAuthException","code":104,"fbtrace_id":"Dm2MsgcAnYX"}}
Photo ID - 861158763969922
{"error":{"message":"An access token is required to request this resource.","type":"OAuthException","code":104,"fbtrace_id":"BqZI+ufI3uN"}}
Photo ID - 10205932152333079
{"error":{"message":"An access token is required to request this resource.","type":"OAuthException","code":104,"fbtrace_id":"DRD\/kDho6Nb"}}
Photo ID - 595434843918291
{"error":{"message":"An access token is required to request this resource.","type":"OAuthException","code":104,"fbtrace_id":"EjkDL7xQVYh"}}
Photo ID - 676915249035956
{"error":{"message":"An access token is required to request this resource.","type":"OAuthException","code":104,"fbtrace_id":"ETDUlWkMjTQ"}}
Photo ID - 676915345702613
{"error":{"message":"An access token is required to request this resource.","type":"OAuthException","code":104,"fbtrace_id":"EA4yEhGVBhU"}}
Photo ID - 10203770005879516
{"error":{"message":"An access token is required to request this resource.","type":"OAuthException","code":104,"fbtrace_id":"AknihrRwYie"}}
Photo ID - 10203572902473307
{"error":{"message":"An access token is required to request this resource.","type":"OAuthException","code":104,"fbtrace_id":"GhzBAkQJDhv"}}
Photo ID - 10201368914454984
{"error":{"message":"An access token is required to request this resource.","type":"OAuthException","code":104,"fbtrace_id":"BsGOX+SmhGL"}}
Photo ID - 10201368939135601
{"error":{"message":"An access token is required to request this resource.","type":"OAuthException","code":104,"fbtrace_id":"HhzkYBSQR7P"}}
Photo ID - 646951518652532
{"error":{"message":"An access token is required to request this resource.","type":"OAuthException","code":104,"fbtrace_id":"HfhliroExnt"}}
Photo ID - 509354889124530
{"error":{"message":"An access token is required to request this resource.","type":"OAuthException","code":104,"fbtrace_id":"Gb1AS6ClIJX"}}
Photo ID - 2320219775095
{"error":{"message":"An access token is required to request this resource.","type":"OAuthException","code":104,"fbtrace_id":"HRgamiPtVtK"}}
Photo ID - 3196026309711
{"error":{"message":"An access token is required to request this resource.","type":"OAuthException","code":104,"fbtrace_id":"BO6MpWB+2vR"}}
Photo ID - 503972859642831
{"error":{"message":"An access token is required to request this resource.","type":"OAuthException","code":104,"fbtrace_id":"EqpVkDsskos"}}
Photo ID - 419070098158107
{"error":{"message":"An access token is required to request this resource.","type":"OAuthException","code":104,"fbtrace_id":"AzvAhvnzO3i"}}
Photo ID - 483913241641685
{"error":{"message":"An access token is required to request this resource.","type":"OAuthException","code":104,"fbtrace_id":"GEUD\/zJLgUF"}}
Photo ID - 483911818308494
{"error":{"message":"An access token is required to request this resource.","type":"OAuthException","code":104,"fbtrace_id":"GoK+m09M8NE"}}
<flask_oauth.OAuthResponse object at 0x109164bd0>
/v2.5/10208654415267951/photos
CAAYbAKP23MoBADVByOYSaMZClcf80FXPZC0mZAXHVTpNkS4ZAo8i0nz4U4Ddfp2Q0X08HQ6BcdedFxpkSojwixQIx3ADlVUGBZAOzSZBVZAfiLrLZBr5JwLxQGJd0eZC6pWfwjKmICvDKZADcOb4NgFFtdk6pdZB9LJgcXBHxO9dZCG6rLZA45HSo6zM5dko6e8BtOqAgJqmP1Tj1tJUL5pK1nSFQ
10208654415267951
(u'CAAYbAKP23MoBADVByOYSaMZClcf80FXPZC0mZAXHVTpNkS4ZAo8i0nz4U4Ddfp2Q0X08HQ6BcdedFxpkSojwixQIx3ADlVUGBZAOzSZBVZAfiLrLZBr5JwLxQGJd0eZC6pWfwjKmICvDKZADcOb4NgFFtdk6pdZB9LJgcXBHxO9dZCG6rLZA45HSo6zM5dko6e8BtOqAgJqmP1Tj1tJUL5pK1nSFQ', '')
{"access_token":"CAAYbAKP23MoBADVByOYSaMZClcf80FXPZC0mZAXHVTpNkS4ZAo8i0nz4U4Ddfp2Q0X08HQ6BcdedFxpkSojwixQIx3ADlVUGBZAOzSZBVZAfiLrLZBr5JwLxQGJd0eZC6pWfwjKmICvDKZADcOb4NgFFtdk6pdZB9LJgcXBHxO9dZCG6rLZA45HSo6zM5dko6e8BtOqAgJqmP1Tj1tJUL5pK1nSFQ","token_type":"bearer","expires_in":5176977}
{"error":{"message":"An access token is required to request this resource.","type":"OAuthException","code":104,"fbtrace_id":"FrUQY5o0+26"}}
TYPE <class 'requests.models.Response'>
Photo ID - 930481280333004
{"error":{"message":"An access token is required to request this resource.","type":"OAuthException","code":104,"fbtrace_id":"D3GtleFyONL"}}
Photo ID - 10208159288450090
{"error":{"message":"An access token is required to request this resource.","type":"OAuthException","code":104,"fbtrace_id":"GBtBRTYQIgE"}}
Photo ID - 10208104571031583
{"error":{"message":"An access token is required to request this resource.","type":"OAuthException","code":104,"fbtrace_id":"AwIgnVdbT2j"}}
Photo ID - 10208092212802635
{"error":{"message":"An access token is required to request this resource.","type":"OAuthException","code":104,"fbtrace_id":"F\/gNOJGCLBn"}}
Photo ID - 759556650839442
{"error":{"message":"An access token is required to request this resource.","type":"OAuthException","code":104,"fbtrace_id":"Gvjp0pmM5j2"}}
Photo ID - 10207518345666921
{"error":{"message":"An access token is required to request this resource.","type":"OAuthException","code":104,"fbtrace_id":"Aqlk\/jMa\/xU"}}
Photo ID - 753103488151425
{"error":{"message":"An access token is required to request this resource.","type":"OAuthException","code":104,"fbtrace_id":"DIVLT7wD3XW"}}
Photo ID - 752665738195200
{"error":{"message":"An access token is required to request this resource.","type":"OAuthException","code":104,"fbtrace_id":"CZwFhmx5VRt"}}
Photo ID - 861158763969922
{"error":{"message":"An access token is required to request this resource.","type":"OAuthException","code":104,"fbtrace_id":"GQXxSuWbaV3"}}
Photo ID - 10205932152333079
{"error":{"message":"An access token is required to request this resource.","type":"OAuthException","code":104,"fbtrace_id":"C9EJqFfd4jh"}}
Photo ID - 595434843918291
{"error":{"message":"An access token is required to request this resource.","type":"OAuthException","code":104,"fbtrace_id":"FoNeR9KeMtI"}}
Photo ID - 676915249035956
{"error":{"message":"An access token is required to request this resource.","type":"OAuthException","code":104,"fbtrace_id":"HgljmfdE7w9"}}
Photo ID - 676915345702613
{"error":{"message":"An access token is required to request this resource.","type":"OAuthException","code":104,"fbtrace_id":"AnWXlacPcca"}}
Photo ID - 10203770005879516
{"error":{"message":"An access token is required to request this resource.","type":"OAuthException","code":104,"fbtrace_id":"FUgX\/M3M6UL"}}
Photo ID - 10203572902473307
{"error":{"message":"An access token is required to request this resource.","type":"OAuthException","code":104,"fbtrace_id":"GAJgyzGs9+2"}}
Photo ID - 10201368914454984
{"error":{"message":"An access token is required to request this resource.","type":"OAuthException","code":104,"fbtrace_id":"AyRDtAWGSHq"}}
Photo ID - 10201368939135601
{"error":{"message":"An access token is required to request this resource.","type":"OAuthException","code":104,"fbtrace_id":"Hbdk2yQx1sB"}}
Photo ID - 646951518652532
{"error":{"message":"An access token is required to request this resource.","type":"OAuthException","code":104,"fbtrace_id":"GOT20TDJHVz"}}
Photo ID - 509354889124530
{"error":{"message":"An access token is required to request this resource.","type":"OAuthException","code":104,"fbtrace_id":"EdKGzesxeb1"}}
Photo ID - 2320219775095
{"error":{"message":"An access token is required to request this resource.","type":"OAuthException","code":104,"fbtrace_id":"C0voF3B3e62"}}
Photo ID - 3196026309711
{"error":{"message":"An access token is required to request this resource.","type":"OAuthException","code":104,"fbtrace_id":"Er609UuDGRt"}}
Photo ID - 503972859642831
{"error":{"message":"An access token is required to request this resource.","type":"OAuthException","code":104,"fbtrace_id":"Fh18IWZc2Af"}}
Photo ID - 419070098158107
{"error":{"message":"An access token is required to request this resource.","type":"OAuthException","code":104,"fbtrace_id":"CqjnmJdc0Pn"}}
Photo ID - 483913241641685
{"error":{"message":"An access token is required to request this resource.","type":"OAuthException","code":104,"fbtrace_id":"C4o7lP34RGK"}}
Photo ID - 483911818308494
{"error":{"message":"An access token is required to request this resource.","type":"OAuthException","code":104,"fbtrace_id":"CnjOpDoUA5Y"}}
TYPE <class 'requests.models.Response'>
TYPE <class 'requests.models.Response'>
TYPE <class 'requests.models.Response'>
TYPE <class 'requests.models.Response'>
URL https://graph.facebook.com/v2.5/930481280333004?access_token=CAAYbAKP23MoBAEZCZCfYVYsC1mXjSoIFSBtTKDEw0ztos3DEdGUzhqL8duRQ4jt1gSrkbaQCmaPe907LwD2g1SUBK1HAR43ekgIeUW9o7WfAnOuA1YI4NDMF3UT0LYgmk5hforb7LnXGOjMlShPvl9IqUXvAHln0MpnbahzWNWVQUvBzPX82QPipWZBugFKuayE8C61ama8AkqwmXzv
TYPE <class 'requests.models.Response'>
URL https://graph.facebook.com/v2.5/930481280333004?access_token=CAAYbAKP23MoBAEZCZCfYVYsC1mXjSoIFSBtTKDEw0ztos3DEdGUzhqL8duRQ4jt1gSrkbaQCmaPe907LwD2g1SUBK1HAR43ekgIeUW9o7WfAnOuA1YI4NDMF3UT0LYgmk5hforb7LnXGOjMlShPvl9IqUXvAHln0MpnbahzWNWVQUvBzPX82QPipWZBugFKuayE8C61ama8AkqwmXzv&fields=images
TYPE <class 'requests.models.Response'>
